Using pre-set license
Built from '2020.3/release' branch; Version is '2020.3.12f1 (b3b2c6512326) revision 11776710'; Using compiler version '192528614'; Build Type 'Release'
OS: 'Windows 10 Pro; OS build 19042.1052; Version 2009; 64bit' Language: 'tr' Physical Memory: 16291 MB
BatchMode: 1, IsHumanControllingUs: 0, StartBugReporterOnCrash: 0, Is64bit: 1, IsPro: 0

 COMMAND LINE ARGUMENTS:
D:\Unity\Hub\Editor\2020.3.12f1\Editor\Unity.exe
-adb2
-batchMode
-noUpm
-name
AssetImportWorker0
-projectPath
D:/unity çalısmaları/RPG_Game
-logFile
Logs/AssetImportWorker0.log
-srvPort
49315
Successfully changed project path to: D:/unity çalısmaları/RPG_Game
D:/unity çalısmaları/RPG_Game
Using Asset Import Pipeline V2.
Refreshing native plugins compatible for Editor in 54.65 ms, found 3 plugins.
Preloading 0 native plugins for Editor in 0.00 ms.
Initialize engine version: 2020.3.12f1 (b3b2c6512326)
[Subsystems] Discovering subsystems at path D:/Unity/Hub/Editor/2020.3.12f1/Editor/Data/Resources/UnitySubsystems
[Subsystems] Discovering subsystems at path D:/unity çalısmaları/RPG_Game/Assets
GfxDevice: creating device client; threaded=0
Direct3D:
    Version:  Direct3D 11.0 [level 11.0]
    Renderer: NVIDIA GeForce GTX 960M (ID=0x139b)
    Vendor:   
    VRAM:     2010 MB
    Driver:   27.21.14.6627
Initialize mono
Mono path[0] = 'D:/Unity/Hub/Editor/2020.3.12f1/Editor/Data/Managed'
Mono path[1] = 'D:/Unity/Hub/Editor/2020.3.12f1/Editor/Data/MonoBleedingEdge/lib/mono/unityjit'
Mono config path = 'D:/Unity/Hub/Editor/2020.3.12f1/Editor/Data/MonoBleedingEdge/etc'
Using monoOptions --debugger-agent=transport=dt_socket,embedding=1,server=y,suspend=n,address=127.0.0.1:56660
Begin MonoManager ReloadAssembly
Registering precompiled unity dll's ...
Register platform support module: D:/Unity/Hub/Editor/2020.3.12f1/Editor/Data/PlaybackEngines/WindowsStandaloneSupport/UnityEditor.WindowsStandalone.Extensions.dll
Registered in 0.001589 seconds.
Native extension for WindowsStandalone target not found
Refreshing native plugins compatible for Editor in 56.25 ms, found 3 plugins.
Preloading 0 native plugins for Editor in 0.00 ms.
Mono: successfully reloaded assembly
- Completed reload, in  1.935 seconds
Platform modules already initialized, skipping
Registering precompiled user dll's ...
Registered in 0.005268 seconds.
Begin MonoManager ReloadAssembly
Native extension for WindowsStandalone target not found
Refreshing native plugins compatible for Editor in 57.47 ms, found 3 plugins.
Preloading 0 native plugins for Editor in 0.00 ms.
Mono: successfully reloaded assembly
- Completed reload, in  1.438 seconds
Platform modules already initialized, skipping
========================================================================
Worker process is ready to serve import requests
Launched and connected shader compiler UnityShaderCompiler.exe after 0.08 seconds
Refreshing native plugins compatible for Editor in 0.63 ms, found 3 plugins.
Preloading 0 native plugins for Editor in 0.00 ms.
Unloading 2224 Unused Serialized files (Serialized files now loaded: 0)
System memory in use before: 101.8 MB.
System memory in use after: 101.8 MB.

Unloading 30 unused Assets to reduce memory usage. Loaded Objects now: 2662.
Total: 3.072000 ms (FindLiveObjects: 0.277500 ms CreateObjectMapping: 0.125200 ms MarkObjects: 2.489000 ms  DeleteObjects: 0.179200 ms)

AssetImportParameters requested are different than current active one (requested -> active):
  custom:framework-win-MediaFoundation: 216162199b28c13a410421893ffa2e32 -> 
  custom:video-decoder-ogg-theora: a1e56fd34408186e4bbccfd4996cb3dc -> 
  custom:container-muxer-webm: aa71ff27fc2769a1b78a27578f13a17b -> 
  custom:container-demuxer-webm: 4f35f7cbe854078d1ac9338744f61a02 -> 
  custom:container-demuxer-ogg: 62fdf1f143b41e24485cea50d1cbac27 -> 
  custom:video-encoder-webm-vp8: eb34c28f22e8b96e1ab97ce403110664 -> 
  custom:video-decoder-webm-vp8: 9c59270c3fd7afecdb556c50c9e8de78 -> 
  custom:audio-decoder-ogg-vorbis: bf7c407c2cedff20999df2af8eb42d56 -> 
  custom:audio-encoder-webm-vorbis: bf7c407c2cedff20999df2af8eb42d56 -> 
========================================================================
Received Import Request.
  path: Assets/github.prefab
  artifactKey: Guid(33e2cf569623b35409cc44d45606cbc0) Importer(815301076,1909f56bfc062723c751e8b465ee728b)
Start importing Assets/github.prefab using Guid(33e2cf569623b35409cc44d45606cbc0) Importer(815301076,1909f56bfc062723c751e8b465ee728b)  -> (artifact id: 'b389943875cc64d84ea50e1db9805936') in 0.091838 seconds 
  Import took 0.096340 seconds .

========================================================================
Received Import Request.
  Time since last request: 49.400698 seconds.
  path: Assets/Github.prefab
  artifactKey: Guid(33e2cf569623b35409cc44d45606cbc0) Importer(815301076,1909f56bfc062723c751e8b465ee728b)
Start importing Assets/Github.prefab using Guid(33e2cf569623b35409cc44d45606cbc0) Importer(815301076,1909f56bfc062723c751e8b465ee728b)  -> (artifact id: '06aa85e20026117671a6eeea26b2474c') in 0.091043 seconds 
  Import took 0.096269 seconds .

========================================================================
Received Import Request.
  Time since last request: 0.020470 seconds.
  path: Assets/Github.prefab
  artifactKey: Guid(33e2cf569623b35409cc44d45606cbc0) Importer(815301076,1909f56bfc062723c751e8b465ee728b)
Start importing Assets/Github.prefab using Guid(33e2cf569623b35409cc44d45606cbc0) Importer(815301076,1909f56bfc062723c751e8b465ee728b)  -> (artifact id: '06aa85e20026117671a6eeea26b2474c') in 0.012612 seconds 
  Import took 0.018001 seconds .

========================================================================
Received Import Request.
  Time since last request: 41.106090 seconds.
  path: Assets/Blockk.prefab
  artifactKey: Guid(d5f7b360519554646b92fe3cbeeefb0c) Importer(815301076,1909f56bfc062723c751e8b465ee728b)
Start importing Assets/Blockk.prefab using Guid(d5f7b360519554646b92fe3cbeeefb0c) Importer(815301076,1909f56bfc062723c751e8b465ee728b)  -> (artifact id: 'a10832cbbfe263260fc5a3cb4213e24d') in 0.023740 seconds 
  Import took 0.028976 seconds .

========================================================================
Received Import Request.
  Time since last request: 0.028392 seconds.
  path: Assets/Blockk.prefab
  artifactKey: Guid(d5f7b360519554646b92fe3cbeeefb0c) Importer(815301076,1909f56bfc062723c751e8b465ee728b)
Start importing Assets/Blockk.prefab using Guid(d5f7b360519554646b92fe3cbeeefb0c) Importer(815301076,1909f56bfc062723c751e8b465ee728b)  -> (artifact id: 'a10832cbbfe263260fc5a3cb4213e24d') in 0.011636 seconds 
  Import took 0.016665 seconds .

AssetImportWorkerClient::OnTransportError - code=2 error=End of file
